<?xml version="1.0" encoding="UTF-8"?>
<!-- Generated by org.testng.reporters.JUnitReportReporter -->
<testsuite hostname="DESKTOP-OTO4DOP" failures="0" tests="1" name="org.scripts.NavinAutomnDemo.ValidLogin" time="8.652" errors="0" timestamp="2025-08-21T08:30:41 IST" skipped="0">
  <testcase classname="org.scripts.NavinAutomnDemo.ValidLogin" name="verifySwagLabValidLogin" time="8.652"/>
</testsuite> <!-- org.scripts.NavinAutomnDemo.ValidLogin -->
